[0.076s] Invoking command in '/home/robousr/ROS2Dev/robot_2025_ws/build/practica1_description': CMAKE_PREFIX_PATH=${CMAKE_PREFIX_PATH}:/opt/ros/humble /usr/bin/cmake --build /home/robousr/ROS2Dev/robot_2025_ws/build/practica1_description -- -j2 -l2
[0.268s] Invoked command in '/home/robousr/ROS2Dev/robot_2025_ws/build/practica1_description' returned '0': CMAKE_PREFIX_PATH=${CMAKE_PREFIX_PATH}:/opt/ros/humble /usr/bin/cmake --build /home/robousr/ROS2Dev/robot_2025_ws/build/practica1_description -- -j2 -l2
[0.468s] Invoking command in '/home/robousr/ROS2Dev/robot_2025_ws/build/practica1_description': CMAKE_PREFIX_PATH=${CMAKE_PREFIX_PATH}:/opt/ros/humble /usr/bin/cmake --install /home/robousr/ROS2Dev/robot_2025_ws/build/practica1_description
[0.510s] -- Install configuration: ""
[0.511s] -- Execute custom install script
[0.511s] -- Up-to-date symlink: /home/robousr/ROS2Dev/robot_2025_ws/install/practica1_description/share/practica1_description//launch/basic_link_display.launch.xml
[0.511s] -- Up-to-date symlink: /home/robousr/ROS2Dev/robot_2025_ws/install/practica1_description/share/practica1_description//urdf/basic_link.urdf
[0.512s] -- Up-to-date symlink: /home/robousr/ROS2Dev/robot_2025_ws/install/practica1_description/share/ament_index/resource_index/package_run_dependencies/practica1_description
[0.512s] -- Up-to-date symlink: /home/robousr/ROS2Dev/robot_2025_ws/install/practica1_description/share/ament_index/resource_index/parent_prefix_path/practica1_description
[0.513s] -- Up-to-date symlink: /home/robousr/ROS2Dev/robot_2025_ws/install/practica1_description/share/practica1_description/environment/ament_prefix_path.sh
[0.513s] -- Up-to-date symlink: /home/robousr/ROS2Dev/robot_2025_ws/install/practica1_description/share/practica1_description/environment/ament_prefix_path.dsv
[0.514s] -- Up-to-date symlink: /home/robousr/ROS2Dev/robot_2025_ws/install/practica1_description/share/practica1_description/environment/path.sh
[0.514s] -- Up-to-date symlink: /home/robousr/ROS2Dev/robot_2025_ws/install/practica1_description/share/practica1_description/environment/path.dsv
[0.515s] -- Up-to-date symlink: /home/robousr/ROS2Dev/robot_2025_ws/install/practica1_description/share/practica1_description/local_setup.bash
[0.515s] -- Up-to-date symlink: /home/robousr/ROS2Dev/robot_2025_ws/install/practica1_description/share/practica1_description/local_setup.sh
[0.516s] -- Up-to-date symlink: /home/robousr/ROS2Dev/robot_2025_ws/install/practica1_description/share/practica1_description/local_setup.zsh
[0.516s] -- Up-to-date symlink: /home/robousr/ROS2Dev/robot_2025_ws/install/practica1_description/share/practica1_description/local_setup.dsv
[0.516s] -- Symlinking: /home/robousr/ROS2Dev/robot_2025_ws/install/practica1_description/share/practica1_description/package.dsv
[0.559s] -- Up-to-date symlink: /home/robousr/ROS2Dev/robot_2025_ws/install/practica1_description/share/ament_index/resource_index/packages/practica1_description
[0.561s] -- Up-to-date symlink: /home/robousr/ROS2Dev/robot_2025_ws/install/practica1_description/share/practica1_description/cmake/practica1_descriptionConfig.cmake
[0.562s] -- Up-to-date symlink: /home/robousr/ROS2Dev/robot_2025_ws/install/practica1_description/share/practica1_description/cmake/practica1_descriptionConfig-version.cmake
[0.562s] -- Up-to-date symlink: /home/robousr/ROS2Dev/robot_2025_ws/install/practica1_description/share/practica1_description/package.xml
[0.571s] Invoked command in '/home/robousr/ROS2Dev/robot_2025_ws/build/practica1_description' returned '0': CMAKE_PREFIX_PATH=${CMAKE_PREFIX_PATH}:/opt/ros/humble /usr/bin/cmake --install /home/robousr/ROS2Dev/robot_2025_ws/build/practica1_description
