[0.060s] Invoking command in '/home/robousr/ROS2Dev/robot_2025_ws/build/examen_description': CMAKE_PREFIX_PATH=${CMAKE_PREFIX_PATH}:/opt/ros/humble /usr/bin/cmake /home/robousr/ROS2Dev/robot_2025_ws/src/examen_description -DAMENT_CMAKE_SYMLINK_INSTALL=1 -DCMAKE_INSTALL_PREFIX=/home/robousr/ROS2Dev/robot_2025_ws/install/examen_description
[0.465s] -- The C compiler identification is GNU 11.4.0
[0.702s] -- The CXX compiler identification is GNU 11.4.0
[0.721s] -- Detecting C compiler ABI info
[0.985s] -- Detecting C compiler ABI info - done
[1.004s] -- Check for working C compiler: /usr/bin/cc - skipped
[1.007s] -- Detecting C compile features
[1.010s] -- Detecting C compile features - done
[1.026s] -- Detecting CXX compiler ABI info
[1.287s] -- Detecting CXX compiler ABI info - done
[1.310s] -- Check for working CXX compiler: /usr/bin/c++ - skipped
[1.310s] -- Detecting CXX compile features
[1.312s] -- Detecting CXX compile features - done
[1.327s] -- Found ament_cmake: 1.3.10 (/opt/ros/humble/share/ament_cmake/cmake)
[3.368s] -- Found Python3: /home/robousr/.pyenv/shims/python3 (found version "3.10.12") found components: Interpreter 
[4.007s] -- Override CMake install command with custom implementation using symlinks instead of copying resources
[4.807s] -- Configuring done
[4.821s] -- Generating done
[4.830s] -- Build files have been written to: /home/robousr/ROS2Dev/robot_2025_ws/build/examen_description
[4.848s] Invoked command in '/home/robousr/ROS2Dev/robot_2025_ws/build/examen_description' returned '0': CMAKE_PREFIX_PATH=${CMAKE_PREFIX_PATH}:/opt/ros/humble /usr/bin/cmake /home/robousr/ROS2Dev/robot_2025_ws/src/examen_description -DAMENT_CMAKE_SYMLINK_INSTALL=1 -DCMAKE_INSTALL_PREFIX=/home/robousr/ROS2Dev/robot_2025_ws/install/examen_description
[4.870s] Invoking command in '/home/robousr/ROS2Dev/robot_2025_ws/build/examen_description': CMAKE_PREFIX_PATH=${CMAKE_PREFIX_PATH}:/opt/ros/humble /usr/bin/cmake --build /home/robousr/ROS2Dev/robot_2025_ws/build/examen_description -- -j2 -l2
[5.043s] Invoked command in '/home/robousr/ROS2Dev/robot_2025_ws/build/examen_description' returned '0': CMAKE_PREFIX_PATH=${CMAKE_PREFIX_PATH}:/opt/ros/humble /usr/bin/cmake --build /home/robousr/ROS2Dev/robot_2025_ws/build/examen_description -- -j2 -l2
[5.225s] Invoking command in '/home/robousr/ROS2Dev/robot_2025_ws/build/examen_description': CMAKE_PREFIX_PATH=${CMAKE_PREFIX_PATH}:/opt/ros/humble /usr/bin/cmake --install /home/robousr/ROS2Dev/robot_2025_ws/build/examen_description
[5.270s] -- Install configuration: ""
[5.271s] -- Execute custom install script
[5.271s] -- Symlinking: /home/robousr/ROS2Dev/robot_2025_ws/install/examen_description/share/examen_description//launch/scara_display.launch.xml
[5.305s] -- Symlinking: /home/robousr/ROS2Dev/robot_2025_ws/install/examen_description/share/examen_description//urdf/scara.urdf
[5.345s] -- Symlinking: /home/robousr/ROS2Dev/robot_2025_ws/install/examen_description/share/ament_index/resource_index/package_run_dependencies/examen_description
[5.389s] -- Symlinking: /home/robousr/ROS2Dev/robot_2025_ws/install/examen_description/share/ament_index/resource_index/parent_prefix_path/examen_description
[5.446s] -- Symlinking: /home/robousr/ROS2Dev/robot_2025_ws/install/examen_description/share/examen_description/environment/ament_prefix_path.sh
[5.497s] -- Symlinking: /home/robousr/ROS2Dev/robot_2025_ws/install/examen_description/share/examen_description/environment/ament_prefix_path.dsv
[5.535s] -- Symlinking: /home/robousr/ROS2Dev/robot_2025_ws/install/examen_description/share/examen_description/environment/path.sh
[5.585s] -- Symlinking: /home/robousr/ROS2Dev/robot_2025_ws/install/examen_description/share/examen_description/environment/path.dsv
[5.633s] -- Symlinking: /home/robousr/ROS2Dev/robot_2025_ws/install/examen_description/share/examen_description/local_setup.bash
[5.678s] -- Symlinking: /home/robousr/ROS2Dev/robot_2025_ws/install/examen_description/share/examen_description/local_setup.sh
[5.721s] -- Symlinking: /home/robousr/ROS2Dev/robot_2025_ws/install/examen_description/share/examen_description/local_setup.zsh
[5.763s] -- Symlinking: /home/robousr/ROS2Dev/robot_2025_ws/install/examen_description/share/examen_description/local_setup.dsv
[5.802s] -- Symlinking: /home/robousr/ROS2Dev/robot_2025_ws/install/examen_description/share/examen_description/package.dsv
[5.846s] -- Symlinking: /home/robousr/ROS2Dev/robot_2025_ws/install/examen_description/share/ament_index/resource_index/packages/examen_description
[5.889s] -- Symlinking: /home/robousr/ROS2Dev/robot_2025_ws/install/examen_description/share/examen_description/cmake/examen_descriptionConfig.cmake
[5.929s] -- Symlinking: /home/robousr/ROS2Dev/robot_2025_ws/install/examen_description/share/examen_description/cmake/examen_descriptionConfig-version.cmake
[5.977s] -- Symlinking: /home/robousr/ROS2Dev/robot_2025_ws/install/examen_description/share/examen_description/package.xml
[6.025s] Invoked command in '/home/robousr/ROS2Dev/robot_2025_ws/build/examen_description' returned '0': CMAKE_PREFIX_PATH=${CMAKE_PREFIX_PATH}:/opt/ros/humble /usr/bin/cmake --install /home/robousr/ROS2Dev/robot_2025_ws/build/examen_description
