[2.746s] DEBUG:colcon:Command line arguments: ['/usr/bin/colcon', 'list', '-p', '--base-paths', '/home/robousr/ROS2Dev/robot_2025_ws']
[2.746s] DEBUG:colcon:Parsed command line arguments: Namespace(log_base=None, log_level=None, verb_name='list', build_base='build', ignore_user_meta=False, metas=['./colcon.meta'], base_paths=['/home/robousr/ROS2Dev/robot_2025_ws'], packages_ignore=None, packages_ignore_regex=None, paths=None, packages_up_to=None, packages_up_to_regex=None, packages_above=None, packages_above_and_dependencies=None, packages_above_depth=None, packages_select_by_dep=None, packages_skip_by_dep=None, packages_skip_up_to=None, packages_select_build_failed=False, packages_skip_build_finished=False, packages_select_test_failures=False, packages_skip_test_passed=False, packages_select=None, packages_skip=None, packages_select_regex=None, packages_skip_regex=None, packages_start=None, packages_end=None, allow_overriding=[], topological_order=False, names_only=False, paths_only=True, topological_graph=False, topological_graph_dot=False, topological_graph_density=False, topological_graph_legend=False, topological_graph_dot_cluster=False, topological_graph_dot_include_skipped=False, mixin_files=None, mixin=None, verb_parser=<colcon_mixin.mixin.mixin_argument.MixinArgumentDecorator object at 0x798dd97680d0>, verb_extension=<colcon_package_information.verb.list.ListVerb object at 0x798dd9727040>, main=<bound method ListVerb.main of <colcon_package_information.verb.list.ListVerb object at 0x798dd9727040>>, mixin_verb=('list',))
[6.231s] Level 1:colcon.colcon_core.package_discovery:discover_packages(colcon_meta) check parameters
[6.234s] Level 1:colcon.colcon_core.package_discovery:discover_packages(recursive) check parameters
[6.234s] Level 1:colcon.colcon_core.package_discovery:discover_packages(ignore) check parameters
[6.234s] Level 1:colcon.colcon_core.package_discovery:discover_packages(path) check parameters
[6.234s] Level 1:colcon.colcon_core.package_discovery:discover_packages(recursive) discover
[6.234s] INFO:colcon.colcon_core.package_discovery:Crawling recursively for packages in '/home/robousr/ROS2Dev/robot_2025_ws'
[6.236s] Level 1:colcon.colcon_core.package_identification:_identify(/home/robousr/ROS2Dev/robot_2025_ws) by extensions ['ignore', 'ignore_ament_install']
[6.237s] Level 1:colcon.colcon_core.package_identification:_identify(/home/robousr/ROS2Dev/robot_2025_ws) by extension 'ignore'
[6.237s] Level 1:colcon.colcon_core.package_identification:_identify(/home/robousr/ROS2Dev/robot_2025_ws) by extension 'ignore_ament_install'
[6.237s] Level 1:colcon.colcon_core.package_identification:_identify(/home/robousr/ROS2Dev/robot_2025_ws) by extensions ['colcon_pkg']
[6.237s] Level 1:colcon.colcon_core.package_identification:_identify(/home/robousr/ROS2Dev/robot_2025_ws) by extension 'colcon_pkg'
[6.237s] Level 1:colcon.colcon_core.package_identification:_identify(/home/robousr/ROS2Dev/robot_2025_ws) by extensions ['colcon_meta']
[6.237s] Level 1:colcon.colcon_core.package_identification:_identify(/home/robousr/ROS2Dev/robot_2025_ws) by extension 'colcon_meta'
[6.240s] Level 1:colcon.colcon_core.package_identification:_identify(/home/robousr/ROS2Dev/robot_2025_ws) by extensions ['ros']
[6.240s] Level 1:colcon.colcon_core.package_identification:_identify(/home/robousr/ROS2Dev/robot_2025_ws) by extension 'ros'
[6.476s] Level 1:colcon.colcon_core.package_identification:_identify(/home/robousr/ROS2Dev/robot_2025_ws) by extensions ['cmake', 'python']
[6.476s] Level 1:colcon.colcon_core.package_identification:_identify(/home/robousr/ROS2Dev/robot_2025_ws) by extension 'cmake'
[6.477s] Level 1:colcon.colcon_core.package_identification:_identify(/home/robousr/ROS2Dev/robot_2025_ws) by extension 'python'
[6.477s] Level 1:colcon.colcon_core.package_identification:_identify(/home/robousr/ROS2Dev/robot_2025_ws) by extensions ['python_setup_py']
[6.480s] Level 1:colcon.colcon_core.package_identification:_identify(/home/robousr/ROS2Dev/robot_2025_ws) by extension 'python_setup_py'
[6.481s] Level 1:colcon.colcon_core.package_identification:_identify(/home/robousr/ROS2Dev/robot_2025_ws/build) by extensions ['ignore', 'ignore_ament_install']
[6.484s] Level 1:colcon.colcon_core.package_identification:_identify(/home/robousr/ROS2Dev/robot_2025_ws/build) by extension 'ignore'
[6.484s] Level 1:colcon.colcon_core.package_identification:_identify(/home/robousr/ROS2Dev/robot_2025_ws/build) ignored
[6.484s] Level 1:colcon.colcon_core.package_identification:_identify(/home/robousr/ROS2Dev/robot_2025_ws/install) by extensions ['ignore', 'ignore_ament_install']
[6.489s] Level 1:colcon.colcon_core.package_identification:_identify(/home/robousr/ROS2Dev/robot_2025_ws/install) by extension 'ignore'
[6.489s] Level 1:colcon.colcon_core.package_identification:_identify(/home/robousr/ROS2Dev/robot_2025_ws/install) ignored
[6.490s] Level 1:colcon.colcon_core.package_identification:_identify(/home/robousr/ROS2Dev/robot_2025_ws/log) by extensions ['ignore', 'ignore_ament_install']
[6.494s] Level 1:colcon.colcon_core.package_identification:_identify(/home/robousr/ROS2Dev/robot_2025_ws/log) by extension 'ignore'
[6.496s] Level 1:colcon.colcon_core.package_identification:_identify(/home/robousr/ROS2Dev/robot_2025_ws/log) ignored
[6.496s] Level 1:colcon.colcon_core.package_identification:_identify(/home/robousr/ROS2Dev/robot_2025_ws/src) by extensions ['ignore', 'ignore_ament_install']
[6.498s] Level 1:colcon.colcon_core.package_identification:_identify(/home/robousr/ROS2Dev/robot_2025_ws/src) by extension 'ignore'
[6.502s] Level 1:colcon.colcon_core.package_identification:_identify(/home/robousr/ROS2Dev/robot_2025_ws/src) by extension 'ignore_ament_install'
[6.503s] Level 1:colcon.colcon_core.package_identification:_identify(/home/robousr/ROS2Dev/robot_2025_ws/src) by extensions ['colcon_pkg']
[6.503s] Level 1:colcon.colcon_core.package_identification:_identify(/home/robousr/ROS2Dev/robot_2025_ws/src) by extension 'colcon_pkg'
[6.503s] Level 1:colcon.colcon_core.package_identification:_identify(/home/robousr/ROS2Dev/robot_2025_ws/src) by extensions ['colcon_meta']
[6.503s] Level 1:colcon.colcon_core.package_identification:_identify(/home/robousr/ROS2Dev/robot_2025_ws/src) by extension 'colcon_meta'
[6.506s] Level 1:colcon.colcon_core.package_identification:_identify(/home/robousr/ROS2Dev/robot_2025_ws/src) by extensions ['ros']
[6.507s] Level 1:colcon.colcon_core.package_identification:_identify(/home/robousr/ROS2Dev/robot_2025_ws/src) by extension 'ros'
[6.509s] Level 1:colcon.colcon_core.package_identification:_identify(/home/robousr/ROS2Dev/robot_2025_ws/src) by extensions ['cmake', 'python']
[6.509s] Level 1:colcon.colcon_core.package_identification:_identify(/home/robousr/ROS2Dev/robot_2025_ws/src) by extension 'cmake'
[6.510s] Level 1:colcon.colcon_core.package_identification:_identify(/home/robousr/ROS2Dev/robot_2025_ws/src) by extension 'python'
[6.516s] Level 1:colcon.colcon_core.package_identification:_identify(/home/robousr/ROS2Dev/robot_2025_ws/src) by extensions ['python_setup_py']
[6.517s] Level 1:colcon.colcon_core.package_identification:_identify(/home/robousr/ROS2Dev/robot_2025_ws/src) by extension 'python_setup_py'
[6.529s] Level 1:colcon.colcon_core.package_identification:_identify(/home/robousr/ROS2Dev/robot_2025_ws/src/practica1_description) by extensions ['ignore', 'ignore_ament_install']
[6.530s] Level 1:colcon.colcon_core.package_identification:_identify(/home/robousr/ROS2Dev/robot_2025_ws/src/practica1_description) by extension 'ignore'
[6.536s] Level 1:colcon.colcon_core.package_identification:_identify(/home/robousr/ROS2Dev/robot_2025_ws/src/practica1_description) by extension 'ignore_ament_install'
[6.541s] Level 1:colcon.colcon_core.package_identification:_identify(/home/robousr/ROS2Dev/robot_2025_ws/src/practica1_description) by extensions ['colcon_pkg']
[6.547s] Level 1:colcon.colcon_core.package_identification:_identify(/home/robousr/ROS2Dev/robot_2025_ws/src/practica1_description) by extension 'colcon_pkg'
[6.547s] Level 1:colcon.colcon_core.package_identification:_identify(/home/robousr/ROS2Dev/robot_2025_ws/src/practica1_description) by extensions ['colcon_meta']
[6.548s] Level 1:colcon.colcon_core.package_identification:_identify(/home/robousr/ROS2Dev/robot_2025_ws/src/practica1_description) by extension 'colcon_meta'
[6.548s] Level 1:colcon.colcon_core.package_identification:_identify(/home/robousr/ROS2Dev/robot_2025_ws/src/practica1_description) by extensions ['ros']
[6.548s] Level 1:colcon.colcon_core.package_identification:_identify(/home/robousr/ROS2Dev/robot_2025_ws/src/practica1_description) by extension 'ros'
[6.596s] DEBUG:colcon.colcon_core.package_identification:Package '/home/robousr/ROS2Dev/robot_2025_ws/src/practica1_description' with type 'ros.ament_cmake' and name 'practica1_description'
[6.596s] Level 1:colcon.colcon_core.package_discovery:discover_packages(recursive) using defaults
