[0.426s] DEBUG:colcon:Command line arguments: ['/usr/bin/colcon', 'build', '--symlink-install']
[0.426s] DEBUG:colcon:Parsed command line arguments: Namespace(log_base=None, log_level=None, verb_name='build', build_base='build', install_base='install', merge_install=False, symlink_install=True, test_result_base=None, continue_on_error=False, executor='parallel', parallel_workers=2, event_handlers=None, ignore_user_meta=False, metas=['./colcon.meta'], base_paths=['.'], packages_ignore=None, packages_ignore_regex=None, paths=None, packages_up_to=None, packages_up_to_regex=None, packages_above=None, packages_above_and_dependencies=None, packages_above_depth=None, packages_select_by_dep=None, packages_skip_by_dep=None, packages_skip_up_to=None, packages_select_build_failed=False, packages_skip_build_finished=False, packages_select_test_failures=False, packages_skip_test_passed=False, packages_select=None, packages_skip=None, packages_select_regex=None, packages_skip_regex=None, packages_start=None, packages_end=None, allow_overriding=[], cmake_args=None, cmake_target=None, cmake_target_skip_unavailable=False, cmake_clean_cache=False, cmake_clean_first=False, cmake_force_configure=False, ament_cmake_args=None, catkin_cmake_args=None, catkin_skip_building_tests=False, mixin_files=None, mixin=None, verb_parser=<colcon_mixin.mixin.mixin_argument.MixinArgumentDecorator object at 0x7e95dcb33580>, verb_extension=<colcon_core.verb.build.BuildVerb object at 0x7e95dcb33040>, main=<bound method BuildVerb.main of <colcon_core.verb.build.BuildVerb object at 0x7e95dcb33040>>, mixin_verb=('build',))
[1.152s] Level 1:colcon.colcon_core.package_discovery:discover_packages(colcon_meta) check parameters
[1.153s] Level 1:colcon.colcon_core.package_discovery:discover_packages(recursive) check parameters
[1.153s] Level 1:colcon.colcon_core.package_discovery:discover_packages(ignore) check parameters
[1.154s] Level 1:colcon.colcon_core.package_discovery:discover_packages(path) check parameters
[1.154s] Level 1:colcon.colcon_core.package_discovery:discover_packages(colcon_meta) discover
[1.154s] Level 1:colcon.colcon_core.package_discovery:discover_packages(recursive) discover
[1.154s] INFO:colcon.colcon_core.package_discovery:Crawling recursively for packages in '/home/robousr/ROS2Dev/robot_2025_ws'
[1.155s] Level 1:colcon.colcon_core.package_identification:_identify(.) by extensions ['ignore', 'ignore_ament_install']
[1.155s] Level 1:colcon.colcon_core.package_identification:_identify(.) by extension 'ignore'
[1.155s] Level 1:colcon.colcon_core.package_identification:_identify(.) by extension 'ignore_ament_install'
[1.155s] Level 1:colcon.colcon_core.package_identification:_identify(.) by extensions ['colcon_pkg']
[1.156s] Level 1:colcon.colcon_core.package_identification:_identify(.) by extension 'colcon_pkg'
[1.156s] Level 1:colcon.colcon_core.package_identification:_identify(.) by extensions ['colcon_meta']
[1.156s] Level 1:colcon.colcon_core.package_identification:_identify(.) by extension 'colcon_meta'
[1.156s] Level 1:colcon.colcon_core.package_identification:_identify(.) by extensions ['ros']
[1.156s] Level 1:colcon.colcon_core.package_identification:_identify(.) by extension 'ros'
[1.204s] Level 1:colcon.colcon_core.package_identification:_identify(.) by extensions ['cmake', 'python']
[1.204s] Level 1:colcon.colcon_core.package_identification:_identify(.) by extension 'cmake'
[1.204s] Level 1:colcon.colcon_core.package_identification:_identify(.) by extension 'python'
[1.204s] Level 1:colcon.colcon_core.package_identification:_identify(.) by extensions ['python_setup_py']
[1.204s] Level 1:colcon.colcon_core.package_identification:_identify(.) by extension 'python_setup_py'
[1.205s] Level 1:colcon.colcon_core.package_identification:_identify(build) by extensions ['ignore', 'ignore_ament_install']
[1.205s] Level 1:colcon.colcon_core.package_identification:_identify(build) by extension 'ignore'
[1.205s] Level 1:colcon.colcon_core.package_identification:_identify(build) ignored
[1.206s] Level 1:colcon.colcon_core.package_identification:_identify(install) by extensions ['ignore', 'ignore_ament_install']
[1.206s] Level 1:colcon.colcon_core.package_identification:_identify(install) by extension 'ignore'
[1.206s] Level 1:colcon.colcon_core.package_identification:_identify(install) ignored
[1.207s] Level 1:colcon.colcon_core.package_identification:_identify(log) by extensions ['ignore', 'ignore_ament_install']
[1.207s] Level 1:colcon.colcon_core.package_identification:_identify(log) by extension 'ignore'
[1.207s] Level 1:colcon.colcon_core.package_identification:_identify(log) ignored
[1.208s] Level 1:colcon.colcon_core.package_identification:_identify(src) by extensions ['ignore', 'ignore_ament_install']
[1.208s] Level 1:colcon.colcon_core.package_identification:_identify(src) by extension 'ignore'
[1.208s] Level 1:colcon.colcon_core.package_identification:_identify(src) by extension 'ignore_ament_install'
[1.208s] Level 1:colcon.colcon_core.package_identification:_identify(src) by extensions ['colcon_pkg']
[1.209s] Level 1:colcon.colcon_core.package_identification:_identify(src) by extension 'colcon_pkg'
[1.209s] Level 1:colcon.colcon_core.package_identification:_identify(src) by extensions ['colcon_meta']
[1.209s] Level 1:colcon.colcon_core.package_identification:_identify(src) by extension 'colcon_meta'
[1.209s] Level 1:colcon.colcon_core.package_identification:_identify(src) by extensions ['ros']
[1.209s] Level 1:colcon.colcon_core.package_identification:_identify(src) by extension 'ros'
[1.210s] Level 1:colcon.colcon_core.package_identification:_identify(src) by extensions ['cmake', 'python']
[1.210s] Level 1:colcon.colcon_core.package_identification:_identify(src) by extension 'cmake'
[1.210s] Level 1:colcon.colcon_core.package_identification:_identify(src) by extension 'python'
[1.210s] Level 1:colcon.colcon_core.package_identification:_identify(src) by extensions ['python_setup_py']
[1.210s] Level 1:colcon.colcon_core.package_identification:_identify(src) by extension 'python_setup_py'
[1.211s] Level 1:colcon.colcon_core.package_identification:_identify(src/build) by extensions ['ignore', 'ignore_ament_install']
[1.211s] Level 1:colcon.colcon_core.package_identification:_identify(src/build) by extension 'ignore'
[1.211s] Level 1:colcon.colcon_core.package_identification:_identify(src/build) ignored
[1.212s] Level 1:colcon.colcon_core.package_identification:_identify(src/install) by extensions ['ignore', 'ignore_ament_install']
[1.212s] Level 1:colcon.colcon_core.package_identification:_identify(src/install) by extension 'ignore'
[1.213s] Level 1:colcon.colcon_core.package_identification:_identify(src/install) ignored
[1.213s] Level 1:colcon.colcon_core.package_identification:_identify(src/log) by extensions ['ignore', 'ignore_ament_install']
[1.214s] Level 1:colcon.colcon_core.package_identification:_identify(src/log) by extension 'ignore'
[1.214s] Level 1:colcon.colcon_core.package_identification:_identify(src/log) ignored
[1.214s] Level 1:colcon.colcon_core.package_identification:_identify(src/notebooks) by extensions ['ignore', 'ignore_ament_install']
[1.214s] Level 1:colcon.colcon_core.package_identification:_identify(src/notebooks) by extension 'ignore'
[1.215s] Level 1:colcon.colcon_core.package_identification:_identify(src/notebooks) by extension 'ignore_ament_install'
[1.215s] Level 1:colcon.colcon_core.package_identification:_identify(src/notebooks) by extensions ['colcon_pkg']
[1.215s] Level 1:colcon.colcon_core.package_identification:_identify(src/notebooks) by extension 'colcon_pkg'
[1.215s] Level 1:colcon.colcon_core.package_identification:_identify(src/notebooks) by extensions ['colcon_meta']
[1.215s] Level 1:colcon.colcon_core.package_identification:_identify(src/notebooks) by extension 'colcon_meta'
[1.215s] Level 1:colcon.colcon_core.package_identification:_identify(src/notebooks) by extensions ['ros']
[1.215s] Level 1:colcon.colcon_core.package_identification:_identify(src/notebooks) by extension 'ros'
[1.216s] Level 1:colcon.colcon_core.package_identification:_identify(src/notebooks) by extensions ['cmake', 'python']
[1.216s] Level 1:colcon.colcon_core.package_identification:_identify(src/notebooks) by extension 'cmake'
[1.216s] Level 1:colcon.colcon_core.package_identification:_identify(src/notebooks) by extension 'python'
[1.216s] Level 1:colcon.colcon_core.package_identification:_identify(src/notebooks) by extensions ['python_setup_py']
[1.217s] Level 1:colcon.colcon_core.package_identification:_identify(src/notebooks) by extension 'python_setup_py'
[1.217s] Level 1:colcon.colcon_core.package_identification:_identify(src/notebooks/practica1) by extensions ['ignore', 'ignore_ament_install']
[1.217s] Level 1:colcon.colcon_core.package_identification:_identify(src/notebooks/practica1) by extension 'ignore'
[1.218s] Level 1:colcon.colcon_core.package_identification:_identify(src/notebooks/practica1) by extension 'ignore_ament_install'
[1.218s] Level 1:colcon.colcon_core.package_identification:_identify(src/notebooks/practica1) by extensions ['colcon_pkg']
[1.218s] Level 1:colcon.colcon_core.package_identification:_identify(src/notebooks/practica1) by extension 'colcon_pkg'
[1.218s] Level 1:colcon.colcon_core.package_identification:_identify(src/notebooks/practica1) by extensions ['colcon_meta']
[1.218s] Level 1:colcon.colcon_core.package_identification:_identify(src/notebooks/practica1) by extension 'colcon_meta'
[1.218s] Level 1:colcon.colcon_core.package_identification:_identify(src/notebooks/practica1) by extensions ['ros']
[1.219s] Level 1:colcon.colcon_core.package_identification:_identify(src/notebooks/practica1) by extension 'ros'
[1.219s] Level 1:colcon.colcon_core.package_identification:_identify(src/notebooks/practica1) by extensions ['cmake', 'python']
[1.219s] Level 1:colcon.colcon_core.package_identification:_identify(src/notebooks/practica1) by extension 'cmake'
[1.219s] Level 1:colcon.colcon_core.package_identification:_identify(src/notebooks/practica1) by extension 'python'
[1.220s] Level 1:colcon.colcon_core.package_identification:_identify(src/notebooks/practica1) by extensions ['python_setup_py']
[1.220s] Level 1:colcon.colcon_core.package_identification:_identify(src/notebooks/practica1) by extension 'python_setup_py'
[1.220s] Level 1:colcon.colcon_core.package_identification:_identify(src/notebooks/practica1/imagenesP1) by extensions ['ignore', 'ignore_ament_install']
[1.220s] Level 1:colcon.colcon_core.package_identification:_identify(src/notebooks/practica1/imagenesP1) by extension 'ignore'
[1.221s] Level 1:colcon.colcon_core.package_identification:_identify(src/notebooks/practica1/imagenesP1) by extension 'ignore_ament_install'
[1.221s] Level 1:colcon.colcon_core.package_identification:_identify(src/notebooks/practica1/imagenesP1) by extensions ['colcon_pkg']
[1.221s] Level 1:colcon.colcon_core.package_identification:_identify(src/notebooks/practica1/imagenesP1) by extension 'colcon_pkg'
[1.221s] Level 1:colcon.colcon_core.package_identification:_identify(src/notebooks/practica1/imagenesP1) by extensions ['colcon_meta']
[1.221s] Level 1:colcon.colcon_core.package_identification:_identify(src/notebooks/practica1/imagenesP1) by extension 'colcon_meta'
[1.221s] Level 1:colcon.colcon_core.package_identification:_identify(src/notebooks/practica1/imagenesP1) by extensions ['ros']
[1.222s] Level 1:colcon.colcon_core.package_identification:_identify(src/notebooks/practica1/imagenesP1) by extension 'ros'
[1.222s] Level 1:colcon.colcon_core.package_identification:_identify(src/notebooks/practica1/imagenesP1) by extensions ['cmake', 'python']
[1.222s] Level 1:colcon.colcon_core.package_identification:_identify(src/notebooks/practica1/imagenesP1) by extension 'cmake'
[1.222s] Level 1:colcon.colcon_core.package_identification:_identify(src/notebooks/practica1/imagenesP1) by extension 'python'
[1.222s] Level 1:colcon.colcon_core.package_identification:_identify(src/notebooks/practica1/imagenesP1) by extensions ['python_setup_py']
[1.222s] Level 1:colcon.colcon_core.package_identification:_identify(src/notebooks/practica1/imagenesP1) by extension 'python_setup_py'
[1.223s] Level 1:colcon.colcon_core.package_identification:_identify(src/practica1_description) by extensions ['ignore', 'ignore_ament_install']
[1.223s] Level 1:colcon.colcon_core.package_identification:_identify(src/practica1_description) by extension 'ignore'
[1.223s] Level 1:colcon.colcon_core.package_identification:_identify(src/practica1_description) by extension 'ignore_ament_install'
[1.223s] Level 1:colcon.colcon_core.package_identification:_identify(src/practica1_description) by extensions ['colcon_pkg']
[1.224s] Level 1:colcon.colcon_core.package_identification:_identify(src/practica1_description) by extension 'colcon_pkg'
[1.224s] Level 1:colcon.colcon_core.package_identification:_identify(src/practica1_description) by extensions ['colcon_meta']
[1.224s] Level 1:colcon.colcon_core.package_identification:_identify(src/practica1_description) by extension 'colcon_meta'
[1.224s] Level 1:colcon.colcon_core.package_identification:_identify(src/practica1_description) by extensions ['ros']
[1.224s] Level 1:colcon.colcon_core.package_identification:_identify(src/practica1_description) by extension 'ros'
[1.232s] DEBUG:colcon.colcon_core.package_identification:Package 'src/practica1_description' with type 'ros.ament_cmake' and name 'practica1_description'
[1.232s] Level 1:colcon.colcon_core.package_discovery:discover_packages(recursive) using defaults
[1.233s] Level 1:colcon.colcon_core.package_discovery:discover_packages(ignore) discover
[1.233s] Level 1:colcon.colcon_core.package_discovery:discover_packages(ignore) using defaults
[1.233s] Level 1:colcon.colcon_core.package_discovery:discover_packages(path) discover
[1.233s] Level 1:colcon.colcon_core.package_discovery:discover_packages(path) using defaults
[1.301s] Level 1:colcon.colcon_core.package_discovery:discover_packages(prefix_path) check parameters
[1.302s] Level 1:colcon.colcon_core.package_discovery:discover_packages(prefix_path) discover
[1.308s] DEBUG:colcon.colcon_installed_package_information.package_discovery:Found 1 installed packages in /home/robousr/ROS2Dev/robot_2025_ws/install
[1.315s] DEBUG:colcon.colcon_installed_package_information.package_discovery:Found 280 installed packages in /opt/ros/humble
[1.321s] Level 1:colcon.colcon_core.package_discovery:discover_packages(prefix_path) using defaults
[1.493s] Level 5:colcon.colcon_core.verb:set package 'practica1_description' build argument 'cmake_args' from command line to 'None'
[1.493s] Level 5:colcon.colcon_core.verb:set package 'practica1_description' build argument 'cmake_target' from command line to 'None'
[1.493s] Level 5:colcon.colcon_core.verb:set package 'practica1_description' build argument 'cmake_target_skip_unavailable' from command line to 'False'
[1.493s] Level 5:colcon.colcon_core.verb:set package 'practica1_description' build argument 'cmake_clean_cache' from command line to 'False'
[1.494s] Level 5:colcon.colcon_core.verb:set package 'practica1_description' build argument 'cmake_clean_first' from command line to 'False'
[1.494s] Level 5:colcon.colcon_core.verb:set package 'practica1_description' build argument 'cmake_force_configure' from command line to 'False'
[1.494s] Level 5:colcon.colcon_core.verb:set package 'practica1_description' build argument 'ament_cmake_args' from command line to 'None'
[1.494s] Level 5:colcon.colcon_core.verb:set package 'practica1_description' build argument 'catkin_cmake_args' from command line to 'None'
[1.494s] Level 5:colcon.colcon_core.verb:set package 'practica1_description' build argument 'catkin_skip_building_tests' from command line to 'False'
[1.494s] DEBUG:colcon.colcon_core.verb:Building package 'practica1_description' with the following arguments: {'ament_cmake_args': None, 'build_base': '/home/robousr/ROS2Dev/robot_2025_ws/build/practica1_description', 'catkin_cmake_args': None, 'catkin_skip_building_tests': False, 'cmake_args': None, 'cmake_clean_cache': False, 'cmake_clean_first': False, 'cmake_force_configure': False, 'cmake_target': None, 'cmake_target_skip_unavailable': False, 'install_base': '/home/robousr/ROS2Dev/robot_2025_ws/install/practica1_description', 'merge_install': False, 'path': '/home/robousr/ROS2Dev/robot_2025_ws/src/practica1_description', 'symlink_install': True, 'test_result_base': None}
[1.495s] INFO:colcon.colcon_core.executor:Executing jobs using 'parallel' executor
[1.501s] DEBUG:colcon.colcon_parallel_executor.executor.parallel:run_until_complete
[1.502s] INFO:colcon.colcon_ros.task.ament_cmake.build:Building ROS package in '/home/robousr/ROS2Dev/robot_2025_ws/src/practica1_description' with build type 'ament_cmake'
[1.502s] INFO:colcon.colcon_cmake.task.cmake.build:Building CMake package in '/home/robousr/ROS2Dev/robot_2025_ws/src/practica1_description'
[1.508s] INFO:colcon.colcon_core.plugin_system:Skipping extension 'colcon_core.shell.bat': Not used on non-Windows systems
[1.509s] INFO:colcon.colcon_core.shell:Skip shell extension 'powershell' for command environment: Not usable outside of PowerShell
[1.510s] DEBUG:colcon.colcon_core.shell:Skip shell extension 'dsv' for command environment
[1.626s] DEBUG:colcon.colcon_core.event_handler.log_command:Invoking command in '/home/robousr/ROS2Dev/robot_2025_ws/build/practica1_description': CMAKE_PREFIX_PATH=${CMAKE_PREFIX_PATH}:/opt/ros/humble /usr/bin/cmake --build /home/robousr/ROS2Dev/robot_2025_ws/build/practica1_description -- -j2 -l2
[1.815s] DEBUG:colcon.colcon_core.event_handler.log_command:Invoked command in '/home/robousr/ROS2Dev/robot_2025_ws/build/practica1_description' returned '0': CMAKE_PREFIX_PATH=${CMAKE_PREFIX_PATH}:/opt/ros/humble /usr/bin/cmake --build /home/robousr/ROS2Dev/robot_2025_ws/build/practica1_description -- -j2 -l2
[2.028s] DEBUG:colcon.colcon_core.event_handler.log_command:Invoking command in '/home/robousr/ROS2Dev/robot_2025_ws/build/practica1_description': CMAKE_PREFIX_PATH=${CMAKE_PREFIX_PATH}:/opt/ros/humble /usr/bin/cmake --install /home/robousr/ROS2Dev/robot_2025_ws/build/practica1_description
[2.128s] Level 1:colcon.colcon_core.environment:create_environment_scripts_only(practica1_description)
[2.130s] DEBUG:colcon.colcon_core.event_handler.log_command:Invoked command in '/home/robousr/ROS2Dev/robot_2025_ws/build/practica1_description' returned '0': CMAKE_PREFIX_PATH=${CMAKE_PREFIX_PATH}:/opt/ros/humble /usr/bin/cmake --install /home/robousr/ROS2Dev/robot_2025_ws/build/practica1_description
[2.141s] Level 1:colcon.colcon_core.environment:checking '/home/robousr/ROS2Dev/robot_2025_ws/install/practica1_description' for CMake module files
[2.145s] Level 1:colcon.colcon_core.environment:checking '/home/robousr/ROS2Dev/robot_2025_ws/install/practica1_description' for CMake config files
[2.147s] Level 1:colcon.colcon_core.shell:create_environment_hook('practica1_description', 'cmake_prefix_path')
[2.148s] INFO:colcon.colcon_core.shell:Creating environment hook '/home/robousr/ROS2Dev/robot_2025_ws/install/practica1_description/share/practica1_description/hook/cmake_prefix_path.ps1'
[2.153s] INFO:colcon.colcon_core.shell:Creating environment descriptor '/home/robousr/ROS2Dev/robot_2025_ws/install/practica1_description/share/practica1_description/hook/cmake_prefix_path.dsv'
[2.156s] INFO:colcon.colcon_core.shell:Creating environment hook '/home/robousr/ROS2Dev/robot_2025_ws/install/practica1_description/share/practica1_description/hook/cmake_prefix_path.sh'
[2.160s] Level 1:colcon.colcon_core.environment:checking '/home/robousr/ROS2Dev/robot_2025_ws/install/practica1_description/bin'
[2.161s] Level 1:colcon.colcon_core.environment:checking '/home/robousr/ROS2Dev/robot_2025_ws/install/practica1_description/lib/pkgconfig/practica1_description.pc'
[2.162s] Level 1:colcon.colcon_core.environment:checking '/home/robousr/ROS2Dev/robot_2025_ws/install/practica1_description/lib/python3.10/site-packages'
[2.162s] Level 1:colcon.colcon_core.environment:checking '/home/robousr/ROS2Dev/robot_2025_ws/install/practica1_description/bin'
[2.163s] INFO:colcon.colcon_core.shell:Creating package script '/home/robousr/ROS2Dev/robot_2025_ws/install/practica1_description/share/practica1_description/package.ps1'
[2.167s] INFO:colcon.colcon_core.shell:Creating package descriptor '/home/robousr/ROS2Dev/robot_2025_ws/install/practica1_description/share/practica1_description/package.dsv'
[2.169s] INFO:colcon.colcon_core.shell:Creating package script '/home/robousr/ROS2Dev/robot_2025_ws/install/practica1_description/share/practica1_description/package.sh'
[2.173s] INFO:colcon.colcon_core.shell:Creating package script '/home/robousr/ROS2Dev/robot_2025_ws/install/practica1_description/share/practica1_description/package.bash'
[2.176s] INFO:colcon.colcon_core.shell:Creating package script '/home/robousr/ROS2Dev/robot_2025_ws/install/practica1_description/share/practica1_description/package.zsh'
[2.180s] Level 1:colcon.colcon_core.environment:create_file_with_runtime_dependencies(/home/robousr/ROS2Dev/robot_2025_ws/install/practica1_description/share/colcon-core/packages/practica1_description)
[2.386s] Level 1:colcon.colcon_core.environment:create_environment_scripts_only(practica1_description)
[2.387s] Level 1:colcon.colcon_core.environment:checking '/home/robousr/ROS2Dev/robot_2025_ws/install/practica1_description' for CMake module files
[2.388s] Level 1:colcon.colcon_core.environment:checking '/home/robousr/ROS2Dev/robot_2025_ws/install/practica1_description' for CMake config files
[2.390s] Level 1:colcon.colcon_core.shell:create_environment_hook('practica1_description', 'cmake_prefix_path')
[2.390s] INFO:colcon.colcon_core.shell:Creating environment hook '/home/robousr/ROS2Dev/robot_2025_ws/install/practica1_description/share/practica1_description/hook/cmake_prefix_path.ps1'
[2.393s] INFO:colcon.colcon_core.shell:Creating environment descriptor '/home/robousr/ROS2Dev/robot_2025_ws/install/practica1_description/share/practica1_description/hook/cmake_prefix_path.dsv'
[2.397s] INFO:colcon.colcon_core.shell:Creating environment hook '/home/robousr/ROS2Dev/robot_2025_ws/install/practica1_description/share/practica1_description/hook/cmake_prefix_path.sh'
[2.401s] Level 1:colcon.colcon_core.environment:checking '/home/robousr/ROS2Dev/robot_2025_ws/install/practica1_description/bin'
[2.401s] Level 1:colcon.colcon_core.environment:checking '/home/robousr/ROS2Dev/robot_2025_ws/install/practica1_description/lib/pkgconfig/practica1_description.pc'
[2.402s] Level 1:colcon.colcon_core.environment:checking '/home/robousr/ROS2Dev/robot_2025_ws/install/practica1_description/lib/python3.10/site-packages'
[2.403s] Level 1:colcon.colcon_core.environment:checking '/home/robousr/ROS2Dev/robot_2025_ws/install/practica1_description/bin'
[2.404s] INFO:colcon.colcon_core.shell:Creating package script '/home/robousr/ROS2Dev/robot_2025_ws/install/practica1_description/share/practica1_description/package.ps1'
[2.407s] INFO:colcon.colcon_core.shell:Creating package descriptor '/home/robousr/ROS2Dev/robot_2025_ws/install/practica1_description/share/practica1_description/package.dsv'
[2.410s] INFO:colcon.colcon_core.shell:Creating package script '/home/robousr/ROS2Dev/robot_2025_ws/install/practica1_description/share/practica1_description/package.sh'
[2.413s] INFO:colcon.colcon_core.shell:Creating package script '/home/robousr/ROS2Dev/robot_2025_ws/install/practica1_description/share/practica1_description/package.bash'
[2.415s] INFO:colcon.colcon_core.shell:Creating package script '/home/robousr/ROS2Dev/robot_2025_ws/install/practica1_description/share/practica1_description/package.zsh'
[2.418s] Level 1:colcon.colcon_core.environment:create_file_with_runtime_dependencies(/home/robousr/ROS2Dev/robot_2025_ws/install/practica1_description/share/colcon-core/packages/practica1_description)
[2.420s] DEBUG:colcon.colcon_parallel_executor.executor.parallel:closing loop
[2.420s] DEBUG:colcon.colcon_parallel_executor.executor.parallel:loop closed
[2.421s] DEBUG:colcon.colcon_parallel_executor.executor.parallel:run_until_complete finished with '0'
[2.422s] DEBUG:colcon.colcon_core.event_reactor:joining thread
[2.446s] INFO:colcon.colcon_core.plugin_system:Skipping extension 'colcon_notification.desktop_notification.terminal_notifier': Not used on non-Darwin systems
[2.446s] INFO:colcon.colcon_core.plugin_system:Skipping extension 'colcon_notification.desktop_notification.win32': Not used on non-Windows systems
[2.447s] INFO:colcon.colcon_notification.desktop_notification:Sending desktop notification using 'notify2'
[2.489s] DEBUG:colcon.colcon_core.event_reactor:joined thread
[2.490s] INFO:colcon.colcon_core.shell:Creating prefix script '/home/robousr/ROS2Dev/robot_2025_ws/install/local_setup.ps1'
[2.494s] INFO:colcon.colcon_core.shell:Creating prefix util module '/home/robousr/ROS2Dev/robot_2025_ws/install/_local_setup_util_ps1.py'
[2.499s] INFO:colcon.colcon_core.shell:Creating prefix chain script '/home/robousr/ROS2Dev/robot_2025_ws/install/setup.ps1'
[2.504s] INFO:colcon.colcon_core.shell:Creating prefix script '/home/robousr/ROS2Dev/robot_2025_ws/install/local_setup.sh'
[2.507s] INFO:colcon.colcon_core.shell:Creating prefix util module '/home/robousr/ROS2Dev/robot_2025_ws/install/_local_setup_util_sh.py'
[2.510s] INFO:colcon.colcon_core.shell:Creating prefix chain script '/home/robousr/ROS2Dev/robot_2025_ws/install/setup.sh'
[2.514s] INFO:colcon.colcon_core.shell:Creating prefix script '/home/robousr/ROS2Dev/robot_2025_ws/install/local_setup.bash'
[2.517s] INFO:colcon.colcon_core.shell:Creating prefix chain script '/home/robousr/ROS2Dev/robot_2025_ws/install/setup.bash'
[2.523s] INFO:colcon.colcon_core.shell:Creating prefix script '/home/robousr/ROS2Dev/robot_2025_ws/install/local_setup.zsh'
[2.526s] INFO:colcon.colcon_core.shell:Creating prefix chain script '/home/robousr/ROS2Dev/robot_2025_ws/install/setup.zsh'
