[0.077s] Invoking command in '/home/robousr/ROS2Dev/robot_2025_ws/build/practica1_description': CMAKE_PREFIX_PATH=/opt/ros/humble /usr/bin/cmake /home/robousr/ROS2Dev/robot_2025_ws/src/practica1_description -DCMAKE_INSTALL_PREFIX=/home/robousr/ROS2Dev/robot_2025_ws/install/practica1_description
[0.620s] -- The C compiler identification is GNU 11.4.0
[1.088s] -- The CXX compiler identification is GNU 11.4.0
[1.164s] -- Detecting C compiler ABI info
[1.517s] -- Detecting C compiler ABI info - done
[1.546s] -- Check for working C compiler: /usr/bin/cc - skipped
[1.551s] -- Detecting C compile features
[1.557s] -- Detecting C compile features - done
[1.577s] -- Detecting CXX compiler ABI info
[1.980s] -- Detecting CXX compiler ABI info - done
[2.009s] -- Check for working CXX compiler: /usr/bin/c++ - skipped
[2.010s] -- Detecting CXX compile features
[2.015s] -- Detecting CXX compile features - done
[2.056s] -- Found ament_cmake: 1.3.10 (/opt/ros/humble/share/ament_cmake/cmake)
[4.502s] -- Found Python3: /home/robousr/.pyenv/shims/python3 (found version "3.10.12") found components: Interpreter 
[5.301s] -- Found ament_lint_auto: 0.12.11 (/opt/ros/humble/share/ament_lint_auto/cmake)
[5.976s] -- Added test 'lint_cmake' to check CMake code style
[5.986s] -- Added test 'xmllint' to check XML markup files
[5.998s] -- Configuring done
[6.008s] -- Generating done
[6.012s] -- Build files have been written to: /home/robousr/ROS2Dev/robot_2025_ws/build/practica1_description
[6.026s] Invoked command in '/home/robousr/ROS2Dev/robot_2025_ws/build/practica1_description' returned '0': CMAKE_PREFIX_PATH=/opt/ros/humble /usr/bin/cmake /home/robousr/ROS2Dev/robot_2025_ws/src/practica1_description -DCMAKE_INSTALL_PREFIX=/home/robousr/ROS2Dev/robot_2025_ws/install/practica1_description
[6.027s] Invoking command in '/home/robousr/ROS2Dev/robot_2025_ws/build/practica1_description': CMAKE_PREFIX_PATH=/opt/ros/humble /usr/bin/cmake --build /home/robousr/ROS2Dev/robot_2025_ws/build/practica1_description -- -j2 -l2
[6.243s] Invoked command in '/home/robousr/ROS2Dev/robot_2025_ws/build/practica1_description' returned '0': CMAKE_PREFIX_PATH=/opt/ros/humble /usr/bin/cmake --build /home/robousr/ROS2Dev/robot_2025_ws/build/practica1_description -- -j2 -l2
[6.473s] Invoking command in '/home/robousr/ROS2Dev/robot_2025_ws/build/practica1_description': CMAKE_PREFIX_PATH=/opt/ros/humble /usr/bin/cmake --install /home/robousr/ROS2Dev/robot_2025_ws/build/practica1_description
[6.508s] -- Install configuration: ""
[6.508s] -- Installing: /home/robousr/ROS2Dev/robot_2025_ws/install/practica1_description/share/practica1_description//launch
[6.509s] -- Installing: /home/robousr/ROS2Dev/robot_2025_ws/install/practica1_description/share/practica1_description//launch/basic_link_display.launch.xml
[6.509s] -- Installing: /home/robousr/ROS2Dev/robot_2025_ws/install/practica1_description/share/practica1_description//rviz
[6.509s] -- Installing: /home/robousr/ROS2Dev/robot_2025_ws/install/practica1_description/share/practica1_description//urdf
[6.510s] -- Installing: /home/robousr/ROS2Dev/robot_2025_ws/install/practica1_description/share/practica1_description//urdf/basic_link.urdf
[6.516s] -- Installing: /home/robousr/ROS2Dev/robot_2025_ws/install/practica1_description/share/ament_index/resource_index/package_run_dependencies/practica1_description
[6.516s] -- Installing: /home/robousr/ROS2Dev/robot_2025_ws/install/practica1_description/share/ament_index/resource_index/parent_prefix_path/practica1_description
[6.516s] -- Installing: /home/robousr/ROS2Dev/robot_2025_ws/install/practica1_description/share/practica1_description/environment/ament_prefix_path.sh
[6.517s] -- Installing: /home/robousr/ROS2Dev/robot_2025_ws/install/practica1_description/share/practica1_description/environment/ament_prefix_path.dsv
[6.517s] -- Installing: /home/robousr/ROS2Dev/robot_2025_ws/install/practica1_description/share/practica1_description/environment/path.sh
[6.517s] -- Installing: /home/robousr/ROS2Dev/robot_2025_ws/install/practica1_description/share/practica1_description/environment/path.dsv
[6.518s] -- Installing: /home/robousr/ROS2Dev/robot_2025_ws/install/practica1_description/share/practica1_description/local_setup.bash
[6.518s] -- Installing: /home/robousr/ROS2Dev/robot_2025_ws/install/practica1_description/share/practica1_description/local_setup.sh
[6.519s] -- Installing: /home/robousr/ROS2Dev/robot_2025_ws/install/practica1_description/share/practica1_description/local_setup.zsh
[6.520s] -- Installing: /home/robousr/ROS2Dev/robot_2025_ws/install/practica1_description/share/practica1_description/local_setup.dsv
[6.520s] -- Installing: /home/robousr/ROS2Dev/robot_2025_ws/install/practica1_description/share/practica1_description/package.dsv
[6.521s] -- Installing: /home/robousr/ROS2Dev/robot_2025_ws/install/practica1_description/share/ament_index/resource_index/packages/practica1_description
[6.522s] -- Installing: /home/robousr/ROS2Dev/robot_2025_ws/install/practica1_description/share/practica1_description/cmake/practica1_descriptionConfig.cmake
[6.522s] -- Installing: /home/robousr/ROS2Dev/robot_2025_ws/install/practica1_description/share/practica1_description/cmake/practica1_descriptionConfig-version.cmake
[6.523s] -- Installing: /home/robousr/ROS2Dev/robot_2025_ws/install/practica1_description/share/practica1_description/package.xml
[6.530s] Invoked command in '/home/robousr/ROS2Dev/robot_2025_ws/build/practica1_description' returned '0': CMAKE_PREFIX_PATH=/opt/ros/humble /usr/bin/cmake --install /home/robousr/ROS2Dev/robot_2025_ws/build/practica1_description
