[1.215s] DEBUG:colcon:Command line arguments: ['/usr/bin/colcon', 'build', '--symlink-install']
[1.216s] DEBUG:colcon:Parsed command line arguments: Namespace(log_base=None, log_level=None, verb_name='build', build_base='build', install_base='install', merge_install=False, symlink_install=True, test_result_base=None, continue_on_error=False, executor='parallel', parallel_workers=2, event_handlers=None, ignore_user_meta=False, metas=['./colcon.meta'], base_paths=['.'], packages_ignore=None, packages_ignore_regex=None, paths=None, packages_up_to=None, packages_up_to_regex=None, packages_above=None, packages_above_and_dependencies=None, packages_above_depth=None, packages_select_by_dep=None, packages_skip_by_dep=None, packages_skip_up_to=None, packages_select_build_failed=False, packages_skip_build_finished=False, packages_select_test_failures=False, packages_skip_test_passed=False, packages_select=None, packages_skip=None, packages_select_regex=None, packages_skip_regex=None, packages_start=None, packages_end=None, allow_overriding=[], cmake_args=None, cmake_target=None, cmake_target_skip_unavailable=False, cmake_clean_cache=False, cmake_clean_first=False, cmake_force_configure=False, ament_cmake_args=None, catkin_cmake_args=None, catkin_skip_building_tests=False, mixin_files=None, mixin=None, verb_parser=<colcon_mixin.mixin.mixin_argument.MixinArgumentDecorator object at 0x7d5c2c3335b0>, verb_extension=<colcon_core.verb.build.BuildVerb object at 0x7d5c2c333070>, main=<bound method BuildVerb.main of <colcon_core.verb.build.BuildVerb object at 0x7d5c2c333070>>, mixin_verb=('build',))
[3.576s] Level 1:colcon.colcon_core.package_discovery:discover_packages(colcon_meta) check parameters
[3.576s] Level 1:colcon.colcon_core.package_discovery:discover_packages(recursive) check parameters
[3.576s] Level 1:colcon.colcon_core.package_discovery:discover_packages(ignore) check parameters
[3.576s] Level 1:colcon.colcon_core.package_discovery:discover_packages(path) check parameters
[3.577s] Level 1:colcon.colcon_core.package_discovery:discover_packages(colcon_meta) discover
[3.577s] Level 1:colcon.colcon_core.package_discovery:discover_packages(recursive) discover
[3.577s] INFO:colcon.colcon_core.package_discovery:Crawling recursively for packages in '/home/robousr/ROS2Dev/robot_2025_ws'
[3.577s] Level 1:colcon.colcon_core.package_identification:_identify(.) by extensions ['ignore', 'ignore_ament_install']
[3.579s] Level 1:colcon.colcon_core.package_identification:_identify(.) by extension 'ignore'
[3.579s] Level 1:colcon.colcon_core.package_identification:_identify(.) by extension 'ignore_ament_install'
[3.580s] Level 1:colcon.colcon_core.package_identification:_identify(.) by extensions ['colcon_pkg']
[3.580s] Level 1:colcon.colcon_core.package_identification:_identify(.) by extension 'colcon_pkg'
[3.580s] Level 1:colcon.colcon_core.package_identification:_identify(.) by extensions ['colcon_meta']
[3.580s] Level 1:colcon.colcon_core.package_identification:_identify(.) by extension 'colcon_meta'
[3.580s] Level 1:colcon.colcon_core.package_identification:_identify(.) by extensions ['ros']
[3.580s] Level 1:colcon.colcon_core.package_identification:_identify(.) by extension 'ros'
[3.694s] Level 1:colcon.colcon_core.package_identification:_identify(.) by extensions ['cmake', 'python']
[3.694s] Level 1:colcon.colcon_core.package_identification:_identify(.) by extension 'cmake'
[3.694s] Level 1:colcon.colcon_core.package_identification:_identify(.) by extension 'python'
[3.694s] Level 1:colcon.colcon_core.package_identification:_identify(.) by extensions ['python_setup_py']
[3.695s] Level 1:colcon.colcon_core.package_identification:_identify(.) by extension 'python_setup_py'
[3.696s] Level 1:colcon.colcon_core.package_identification:_identify(build) by extensions ['ignore', 'ignore_ament_install']
[3.697s] Level 1:colcon.colcon_core.package_identification:_identify(build) by extension 'ignore'
[3.697s] Level 1:colcon.colcon_core.package_identification:_identify(build) ignored
[3.698s] Level 1:colcon.colcon_core.package_identification:_identify(install) by extensions ['ignore', 'ignore_ament_install']
[3.698s] Level 1:colcon.colcon_core.package_identification:_identify(install) by extension 'ignore'
[3.699s] Level 1:colcon.colcon_core.package_identification:_identify(install) ignored
[3.699s] Level 1:colcon.colcon_core.package_identification:_identify(log) by extensions ['ignore', 'ignore_ament_install']
[3.699s] Level 1:colcon.colcon_core.package_identification:_identify(log) by extension 'ignore'
[3.701s] Level 1:colcon.colcon_core.package_identification:_identify(log) ignored
[3.701s] Level 1:colcon.colcon_core.package_identification:_identify(src) by extensions ['ignore', 'ignore_ament_install']
[3.701s] Level 1:colcon.colcon_core.package_identification:_identify(src) by extension 'ignore'
[3.702s] Level 1:colcon.colcon_core.package_identification:_identify(src) by extension 'ignore_ament_install'
[3.702s] Level 1:colcon.colcon_core.package_identification:_identify(src) by extensions ['colcon_pkg']
[3.702s] Level 1:colcon.colcon_core.package_identification:_identify(src) by extension 'colcon_pkg'
[3.705s] Level 1:colcon.colcon_core.package_identification:_identify(src) by extensions ['colcon_meta']
[3.705s] Level 1:colcon.colcon_core.package_identification:_identify(src) by extension 'colcon_meta'
[3.705s] Level 1:colcon.colcon_core.package_identification:_identify(src) by extensions ['ros']
[3.705s] Level 1:colcon.colcon_core.package_identification:_identify(src) by extension 'ros'
[3.706s] Level 1:colcon.colcon_core.package_identification:_identify(src) by extensions ['cmake', 'python']
[3.706s] Level 1:colcon.colcon_core.package_identification:_identify(src) by extension 'cmake'
[3.706s] Level 1:colcon.colcon_core.package_identification:_identify(src) by extension 'python'
[3.707s] Level 1:colcon.colcon_core.package_identification:_identify(src) by extensions ['python_setup_py']
[3.707s] Level 1:colcon.colcon_core.package_identification:_identify(src) by extension 'python_setup_py'
[3.707s] Level 1:colcon.colcon_core.package_identification:_identify(src/build) by extensions ['ignore', 'ignore_ament_install']
[3.708s] Level 1:colcon.colcon_core.package_identification:_identify(src/build) by extension 'ignore'
[3.708s] Level 1:colcon.colcon_core.package_identification:_identify(src/build) ignored
[3.712s] Level 1:colcon.colcon_core.package_identification:_identify(src/install) by extensions ['ignore', 'ignore_ament_install']
[3.712s] Level 1:colcon.colcon_core.package_identification:_identify(src/install) by extension 'ignore'
[3.713s] Level 1:colcon.colcon_core.package_identification:_identify(src/install) ignored
[3.713s] Level 1:colcon.colcon_core.package_identification:_identify(src/log) by extensions ['ignore', 'ignore_ament_install']
[3.714s] Level 1:colcon.colcon_core.package_identification:_identify(src/log) by extension 'ignore'
[3.714s] Level 1:colcon.colcon_core.package_identification:_identify(src/log) ignored
[3.716s] Level 1:colcon.colcon_core.package_identification:_identify(src/notebooks) by extensions ['ignore', 'ignore_ament_install']
[3.717s] Level 1:colcon.colcon_core.package_identification:_identify(src/notebooks) by extension 'ignore'
[3.719s] Level 1:colcon.colcon_core.package_identification:_identify(src/notebooks) by extension 'ignore_ament_install'
[3.720s] Level 1:colcon.colcon_core.package_identification:_identify(src/notebooks) by extensions ['colcon_pkg']
[3.720s] Level 1:colcon.colcon_core.package_identification:_identify(src/notebooks) by extension 'colcon_pkg'
[3.720s] Level 1:colcon.colcon_core.package_identification:_identify(src/notebooks) by extensions ['colcon_meta']
[3.720s] Level 1:colcon.colcon_core.package_identification:_identify(src/notebooks) by extension 'colcon_meta'
[3.721s] Level 1:colcon.colcon_core.package_identification:_identify(src/notebooks) by extensions ['ros']
[3.721s] Level 1:colcon.colcon_core.package_identification:_identify(src/notebooks) by extension 'ros'
[3.721s] Level 1:colcon.colcon_core.package_identification:_identify(src/notebooks) by extensions ['cmake', 'python']
[3.721s] Level 1:colcon.colcon_core.package_identification:_identify(src/notebooks) by extension 'cmake'
[3.722s] Level 1:colcon.colcon_core.package_identification:_identify(src/notebooks) by extension 'python'
[3.723s] Level 1:colcon.colcon_core.package_identification:_identify(src/notebooks) by extensions ['python_setup_py']
[3.723s] Level 1:colcon.colcon_core.package_identification:_identify(src/notebooks) by extension 'python_setup_py'
[3.723s] Level 1:colcon.colcon_core.package_identification:_identify(src/notebooks/practica1) by extensions ['ignore', 'ignore_ament_install']
[3.724s] Level 1:colcon.colcon_core.package_identification:_identify(src/notebooks/practica1) by extension 'ignore'
[3.724s] Level 1:colcon.colcon_core.package_identification:_identify(src/notebooks/practica1) by extension 'ignore_ament_install'
[3.724s] Level 1:colcon.colcon_core.package_identification:_identify(src/notebooks/practica1) by extensions ['colcon_pkg']
[3.724s] Level 1:colcon.colcon_core.package_identification:_identify(src/notebooks/practica1) by extension 'colcon_pkg'
[3.724s] Level 1:colcon.colcon_core.package_identification:_identify(src/notebooks/practica1) by extensions ['colcon_meta']
[3.726s] Level 1:colcon.colcon_core.package_identification:_identify(src/notebooks/practica1) by extension 'colcon_meta'
[3.726s] Level 1:colcon.colcon_core.package_identification:_identify(src/notebooks/practica1) by extensions ['ros']
[3.726s] Level 1:colcon.colcon_core.package_identification:_identify(src/notebooks/practica1) by extension 'ros'
[3.727s] Level 1:colcon.colcon_core.package_identification:_identify(src/notebooks/practica1) by extensions ['cmake', 'python']
[3.727s] Level 1:colcon.colcon_core.package_identification:_identify(src/notebooks/practica1) by extension 'cmake'
[3.727s] Level 1:colcon.colcon_core.package_identification:_identify(src/notebooks/practica1) by extension 'python'
[3.727s] Level 1:colcon.colcon_core.package_identification:_identify(src/notebooks/practica1) by extensions ['python_setup_py']
[3.727s] Level 1:colcon.colcon_core.package_identification:_identify(src/notebooks/practica1) by extension 'python_setup_py'
[3.728s] Level 1:colcon.colcon_core.package_identification:_identify(src/notebooks/practica1/imagenesP1) by extensions ['ignore', 'ignore_ament_install']
[3.728s] Level 1:colcon.colcon_core.package_identification:_identify(src/notebooks/practica1/imagenesP1) by extension 'ignore'
[3.729s] Level 1:colcon.colcon_core.package_identification:_identify(src/notebooks/practica1/imagenesP1) by extension 'ignore_ament_install'
[3.729s] Level 1:colcon.colcon_core.package_identification:_identify(src/notebooks/practica1/imagenesP1) by extensions ['colcon_pkg']
[3.729s] Level 1:colcon.colcon_core.package_identification:_identify(src/notebooks/practica1/imagenesP1) by extension 'colcon_pkg'
[3.729s] Level 1:colcon.colcon_core.package_identification:_identify(src/notebooks/practica1/imagenesP1) by extensions ['colcon_meta']
[3.729s] Level 1:colcon.colcon_core.package_identification:_identify(src/notebooks/practica1/imagenesP1) by extension 'colcon_meta'
[3.733s] Level 1:colcon.colcon_core.package_identification:_identify(src/notebooks/practica1/imagenesP1) by extensions ['ros']
[3.733s] Level 1:colcon.colcon_core.package_identification:_identify(src/notebooks/practica1/imagenesP1) by extension 'ros'
[3.734s] Level 1:colcon.colcon_core.package_identification:_identify(src/notebooks/practica1/imagenesP1) by extensions ['cmake', 'python']
[3.734s] Level 1:colcon.colcon_core.package_identification:_identify(src/notebooks/practica1/imagenesP1) by extension 'cmake'
[3.734s] Level 1:colcon.colcon_core.package_identification:_identify(src/notebooks/practica1/imagenesP1) by extension 'python'
[3.735s] Level 1:colcon.colcon_core.package_identification:_identify(src/notebooks/practica1/imagenesP1) by extensions ['python_setup_py']
[3.737s] Level 1:colcon.colcon_core.package_identification:_identify(src/notebooks/practica1/imagenesP1) by extension 'python_setup_py'
[3.738s] Level 1:colcon.colcon_core.package_identification:_identify(src/practica1_description) by extensions ['ignore', 'ignore_ament_install']
[3.739s] Level 1:colcon.colcon_core.package_identification:_identify(src/practica1_description) by extension 'ignore'
[3.743s] Level 1:colcon.colcon_core.package_identification:_identify(src/practica1_description) by extension 'ignore_ament_install'
[3.744s] Level 1:colcon.colcon_core.package_identification:_identify(src/practica1_description) by extensions ['colcon_pkg']
[3.744s] Level 1:colcon.colcon_core.package_identification:_identify(src/practica1_description) by extension 'colcon_pkg'
[3.744s] Level 1:colcon.colcon_core.package_identification:_identify(src/practica1_description) by extensions ['colcon_meta']
[3.744s] Level 1:colcon.colcon_core.package_identification:_identify(src/practica1_description) by extension 'colcon_meta'
[3.744s] Level 1:colcon.colcon_core.package_identification:_identify(src/practica1_description) by extensions ['ros']
[3.749s] Level 1:colcon.colcon_core.package_identification:_identify(src/practica1_description) by extension 'ros'
[3.770s] DEBUG:colcon.colcon_core.package_identification:Package 'src/practica1_description' with type 'ros.ament_cmake' and name 'practica1_description'
[3.770s] Level 1:colcon.colcon_core.package_discovery:discover_packages(recursive) using defaults
[3.770s] Level 1:colcon.colcon_core.package_discovery:discover_packages(ignore) discover
[3.770s] Level 1:colcon.colcon_core.package_discovery:discover_packages(ignore) using defaults
[3.770s] Level 1:colcon.colcon_core.package_discovery:discover_packages(path) discover
[3.770s] Level 1:colcon.colcon_core.package_discovery:discover_packages(path) using defaults
[3.930s] Level 1:colcon.colcon_core.package_discovery:discover_packages(prefix_path) check parameters
[3.930s] Level 1:colcon.colcon_core.package_discovery:discover_packages(prefix_path) discover
[3.947s] DEBUG:colcon.colcon_installed_package_information.package_discovery:Found 280 installed packages in /opt/ros/humble
[3.967s] Level 1:colcon.colcon_core.package_discovery:discover_packages(prefix_path) using defaults
[4.418s] Level 5:colcon.colcon_core.verb:set package 'practica1_description' build argument 'cmake_args' from command line to 'None'
[4.418s] Level 5:colcon.colcon_core.verb:set package 'practica1_description' build argument 'cmake_target' from command line to 'None'
[4.418s] Level 5:colcon.colcon_core.verb:set package 'practica1_description' build argument 'cmake_target_skip_unavailable' from command line to 'False'
[4.418s] Level 5:colcon.colcon_core.verb:set package 'practica1_description' build argument 'cmake_clean_cache' from command line to 'False'
[4.418s] Level 5:colcon.colcon_core.verb:set package 'practica1_description' build argument 'cmake_clean_first' from command line to 'False'
[4.419s] Level 5:colcon.colcon_core.verb:set package 'practica1_description' build argument 'cmake_force_configure' from command line to 'False'
[4.419s] Level 5:colcon.colcon_core.verb:set package 'practica1_description' build argument 'ament_cmake_args' from command line to 'None'
[4.419s] Level 5:colcon.colcon_core.verb:set package 'practica1_description' build argument 'catkin_cmake_args' from command line to 'None'
[4.419s] Level 5:colcon.colcon_core.verb:set package 'practica1_description' build argument 'catkin_skip_building_tests' from command line to 'False'
[4.420s] DEBUG:colcon.colcon_core.verb:Building package 'practica1_description' with the following arguments: {'ament_cmake_args': None, 'build_base': '/home/robousr/ROS2Dev/robot_2025_ws/build/practica1_description', 'catkin_cmake_args': None, 'catkin_skip_building_tests': False, 'cmake_args': None, 'cmake_clean_cache': False, 'cmake_clean_first': False, 'cmake_force_configure': False, 'cmake_target': None, 'cmake_target_skip_unavailable': False, 'install_base': '/home/robousr/ROS2Dev/robot_2025_ws/install/practica1_description', 'merge_install': False, 'path': '/home/robousr/ROS2Dev/robot_2025_ws/src/practica1_description', 'symlink_install': True, 'test_result_base': None}
[4.422s] INFO:colcon.colcon_core.executor:Executing jobs using 'parallel' executor
[4.440s] DEBUG:colcon.colcon_parallel_executor.executor.parallel:run_until_complete
[4.443s] INFO:colcon.colcon_ros.task.ament_cmake.build:Building ROS package in '/home/robousr/ROS2Dev/robot_2025_ws/src/practica1_description' with build type 'ament_cmake'
[4.443s] INFO:colcon.colcon_cmake.task.cmake.build:Building CMake package in '/home/robousr/ROS2Dev/robot_2025_ws/src/practica1_description'
[4.463s] INFO:colcon.colcon_core.plugin_system:Skipping extension 'colcon_core.shell.bat': Not used on non-Windows systems
[4.464s] INFO:colcon.colcon_core.shell:Skip shell extension 'powershell' for command environment: Not usable outside of PowerShell
[4.465s] DEBUG:colcon.colcon_core.shell:Skip shell extension 'dsv' for command environment
[4.613s] DEBUG:colcon.colcon_core.event_handler.log_command:Invoking command in '/home/robousr/ROS2Dev/robot_2025_ws/build/practica1_description': CMAKE_PREFIX_PATH=/opt/ros/humble /usr/bin/cmake --build /home/robousr/ROS2Dev/robot_2025_ws/build/practica1_description -- -j2 -l2
[5.294s] DEBUG:colcon.colcon_core.event_handler.log_command:Invoked command in '/home/robousr/ROS2Dev/robot_2025_ws/build/practica1_description' returned '0': CMAKE_PREFIX_PATH=/opt/ros/humble /usr/bin/cmake --build /home/robousr/ROS2Dev/robot_2025_ws/build/practica1_description -- -j2 -l2
[6.015s] DEBUG:colcon.colcon_core.event_handler.log_command:Invoking command in '/home/robousr/ROS2Dev/robot_2025_ws/build/practica1_description': CMAKE_PREFIX_PATH=/opt/ros/humble /usr/bin/cmake --install /home/robousr/ROS2Dev/robot_2025_ws/build/practica1_description
[6.534s] Level 1:colcon.colcon_core.environment:create_environment_scripts_only(practica1_description)
[6.535s] DEBUG:colcon.colcon_core.event_handler.log_command:Invoked command in '/home/robousr/ROS2Dev/robot_2025_ws/build/practica1_description' returned '0': CMAKE_PREFIX_PATH=/opt/ros/humble /usr/bin/cmake --install /home/robousr/ROS2Dev/robot_2025_ws/build/practica1_description
[6.566s] Level 1:colcon.colcon_core.environment:checking '/home/robousr/ROS2Dev/robot_2025_ws/install/practica1_description' for CMake module files
[6.571s] Level 1:colcon.colcon_core.environment:checking '/home/robousr/ROS2Dev/robot_2025_ws/install/practica1_description' for CMake config files
[6.576s] Level 1:colcon.colcon_core.shell:create_environment_hook('practica1_description', 'cmake_prefix_path')
[6.585s] INFO:colcon.colcon_core.shell:Creating environment hook '/home/robousr/ROS2Dev/robot_2025_ws/install/practica1_description/share/practica1_description/hook/cmake_prefix_path.ps1'
[6.594s] INFO:colcon.colcon_core.shell:Creating environment descriptor '/home/robousr/ROS2Dev/robot_2025_ws/install/practica1_description/share/practica1_description/hook/cmake_prefix_path.dsv'
[6.599s] INFO:colcon.colcon_core.shell:Creating environment hook '/home/robousr/ROS2Dev/robot_2025_ws/install/practica1_description/share/practica1_description/hook/cmake_prefix_path.sh'
[6.609s] Level 1:colcon.colcon_core.environment:checking '/home/robousr/ROS2Dev/robot_2025_ws/install/practica1_description/bin'
[6.611s] Level 1:colcon.colcon_core.environment:checking '/home/robousr/ROS2Dev/robot_2025_ws/install/practica1_description/lib/pkgconfig/practica1_description.pc'
[6.612s] Level 1:colcon.colcon_core.environment:checking '/home/robousr/ROS2Dev/robot_2025_ws/install/practica1_description/lib/python3.10/site-packages'
[6.614s] Level 1:colcon.colcon_core.environment:checking '/home/robousr/ROS2Dev/robot_2025_ws/install/practica1_description/bin'
[6.615s] INFO:colcon.colcon_core.shell:Creating package script '/home/robousr/ROS2Dev/robot_2025_ws/install/practica1_description/share/practica1_description/package.ps1'
[6.620s] INFO:colcon.colcon_core.shell:Creating package descriptor '/home/robousr/ROS2Dev/robot_2025_ws/install/practica1_description/share/practica1_description/package.dsv'
[6.622s] INFO:colcon.colcon_core.shell:Creating package script '/home/robousr/ROS2Dev/robot_2025_ws/install/practica1_description/share/practica1_description/package.sh'
[6.631s] INFO:colcon.colcon_core.shell:Creating package script '/home/robousr/ROS2Dev/robot_2025_ws/install/practica1_description/share/practica1_description/package.bash'
[6.641s] INFO:colcon.colcon_core.shell:Creating package script '/home/robousr/ROS2Dev/robot_2025_ws/install/practica1_description/share/practica1_description/package.zsh'
[6.651s] Level 1:colcon.colcon_core.environment:create_file_with_runtime_dependencies(/home/robousr/ROS2Dev/robot_2025_ws/install/practica1_description/share/colcon-core/packages/practica1_description)
[7.122s] Level 1:colcon.colcon_core.environment:create_environment_scripts_only(practica1_description)
[7.123s] Level 1:colcon.colcon_core.environment:checking '/home/robousr/ROS2Dev/robot_2025_ws/install/practica1_description' for CMake module files
[7.127s] Level 1:colcon.colcon_core.environment:checking '/home/robousr/ROS2Dev/robot_2025_ws/install/practica1_description' for CMake config files
[7.130s] Level 1:colcon.colcon_core.shell:create_environment_hook('practica1_description', 'cmake_prefix_path')
[7.132s] INFO:colcon.colcon_core.shell:Creating environment hook '/home/robousr/ROS2Dev/robot_2025_ws/install/practica1_description/share/practica1_description/hook/cmake_prefix_path.ps1'
[7.136s] INFO:colcon.colcon_core.shell:Creating environment descriptor '/home/robousr/ROS2Dev/robot_2025_ws/install/practica1_description/share/practica1_description/hook/cmake_prefix_path.dsv'
[7.140s] INFO:colcon.colcon_core.shell:Creating environment hook '/home/robousr/ROS2Dev/robot_2025_ws/install/practica1_description/share/practica1_description/hook/cmake_prefix_path.sh'
[7.144s] Level 1:colcon.colcon_core.environment:checking '/home/robousr/ROS2Dev/robot_2025_ws/install/practica1_description/bin'
[7.144s] Level 1:colcon.colcon_core.environment:checking '/home/robousr/ROS2Dev/robot_2025_ws/install/practica1_description/lib/pkgconfig/practica1_description.pc'
[7.149s] Level 1:colcon.colcon_core.environment:checking '/home/robousr/ROS2Dev/robot_2025_ws/install/practica1_description/lib/python3.10/site-packages'
[7.153s] Level 1:colcon.colcon_core.environment:checking '/home/robousr/ROS2Dev/robot_2025_ws/install/practica1_description/bin'
[7.156s] INFO:colcon.colcon_core.shell:Creating package script '/home/robousr/ROS2Dev/robot_2025_ws/install/practica1_description/share/practica1_description/package.ps1'
[7.166s] INFO:colcon.colcon_core.shell:Creating package descriptor '/home/robousr/ROS2Dev/robot_2025_ws/install/practica1_description/share/practica1_description/package.dsv'
[7.176s] INFO:colcon.colcon_core.shell:Creating package script '/home/robousr/ROS2Dev/robot_2025_ws/install/practica1_description/share/practica1_description/package.sh'
[7.183s] INFO:colcon.colcon_core.shell:Creating package script '/home/robousr/ROS2Dev/robot_2025_ws/install/practica1_description/share/practica1_description/package.bash'
[7.192s] INFO:colcon.colcon_core.shell:Creating package script '/home/robousr/ROS2Dev/robot_2025_ws/install/practica1_description/share/practica1_description/package.zsh'
[7.200s] Level 1:colcon.colcon_core.environment:create_file_with_runtime_dependencies(/home/robousr/ROS2Dev/robot_2025_ws/install/practica1_description/share/colcon-core/packages/practica1_description)
[7.206s] DEBUG:colcon.colcon_parallel_executor.executor.parallel:closing loop
[7.206s] DEBUG:colcon.colcon_parallel_executor.executor.parallel:loop closed
[7.206s] DEBUG:colcon.colcon_parallel_executor.executor.parallel:run_until_complete finished with '0'
[7.207s] DEBUG:colcon.colcon_core.event_reactor:joining thread
[7.265s] INFO:colcon.colcon_core.plugin_system:Skipping extension 'colcon_notification.desktop_notification.terminal_notifier': Not used on non-Darwin systems
[7.267s] INFO:colcon.colcon_core.plugin_system:Skipping extension 'colcon_notification.desktop_notification.win32': Not used on non-Windows systems
[7.269s] INFO:colcon.colcon_notification.desktop_notification:Sending desktop notification using 'notify2'
[7.373s] DEBUG:colcon.colcon_core.event_reactor:joined thread
[7.374s] INFO:colcon.colcon_core.shell:Creating prefix script '/home/robousr/ROS2Dev/robot_2025_ws/install/local_setup.ps1'
[7.386s] INFO:colcon.colcon_core.shell:Creating prefix util module '/home/robousr/ROS2Dev/robot_2025_ws/install/_local_setup_util_ps1.py'
[7.412s] INFO:colcon.colcon_core.shell:Creating prefix chain script '/home/robousr/ROS2Dev/robot_2025_ws/install/setup.ps1'
[7.423s] INFO:colcon.colcon_core.shell:Creating prefix script '/home/robousr/ROS2Dev/robot_2025_ws/install/local_setup.sh'
[7.436s] INFO:colcon.colcon_core.shell:Creating prefix util module '/home/robousr/ROS2Dev/robot_2025_ws/install/_local_setup_util_sh.py'
[7.443s] INFO:colcon.colcon_core.shell:Creating prefix chain script '/home/robousr/ROS2Dev/robot_2025_ws/install/setup.sh'
[7.456s] INFO:colcon.colcon_core.shell:Creating prefix script '/home/robousr/ROS2Dev/robot_2025_ws/install/local_setup.bash'
[7.461s] INFO:colcon.colcon_core.shell:Creating prefix chain script '/home/robousr/ROS2Dev/robot_2025_ws/install/setup.bash'
[7.474s] INFO:colcon.colcon_core.shell:Creating prefix script '/home/robousr/ROS2Dev/robot_2025_ws/install/local_setup.zsh'
[7.481s] INFO:colcon.colcon_core.shell:Creating prefix chain script '/home/robousr/ROS2Dev/robot_2025_ws/install/setup.zsh'
