[0.074s] Invoking command in '/home/robousr/ROS2Dev/robot_2025_ws/build/practica1_description': CMAKE_PREFIX_PATH=${CMAKE_PREFIX_PATH}:/opt/ros/humble /usr/bin/cmake --build /home/robousr/ROS2Dev/robot_2025_ws/build/practica1_description -- -j2 -l2
[0.259s] Invoked command in '/home/robousr/ROS2Dev/robot_2025_ws/build/practica1_description' returned '0': CMAKE_PREFIX_PATH=${CMAKE_PREFIX_PATH}:/opt/ros/humble /usr/bin/cmake --build /home/robousr/ROS2Dev/robot_2025_ws/build/practica1_description -- -j2 -l2
[0.478s] Invoking command in '/home/robousr/ROS2Dev/robot_2025_ws/build/practica1_description': CMAKE_PREFIX_PATH=${CMAKE_PREFIX_PATH}:/opt/ros/humble /usr/bin/cmake --install /home/robousr/ROS2Dev/robot_2025_ws/build/practica1_description
[0.512s] -- Install configuration: ""
[0.519s] -- Execute custom install script
[0.520s] -- Up-to-date symlink: /home/robousr/ROS2Dev/robot_2025_ws/install/practica1_description/share/practica1_description//launch/basic_link_display.launch.xml
[0.520s] -- Up-to-date symlink: /home/robousr/ROS2Dev/robot_2025_ws/install/practica1_description/share/practica1_description//urdf/basic_link.urdf
[0.520s] -- Up-to-date symlink: /home/robousr/ROS2Dev/robot_2025_ws/install/practica1_description/share/ament_index/resource_index/package_run_dependencies/practica1_description
[0.521s] -- Up-to-date symlink: /home/robousr/ROS2Dev/robot_2025_ws/install/practica1_description/share/ament_index/resource_index/parent_prefix_path/practica1_description
[0.522s] -- Up-to-date symlink: /home/robousr/ROS2Dev/robot_2025_ws/install/practica1_description/share/practica1_description/environment/ament_prefix_path.sh
[0.523s] -- Up-to-date symlink: /home/robousr/ROS2Dev/robot_2025_ws/install/practica1_description/share/practica1_description/environment/ament_prefix_path.dsv
[0.524s] -- Up-to-date symlink: /home/robousr/ROS2Dev/robot_2025_ws/install/practica1_description/share/practica1_description/environment/path.sh
[0.525s] -- Up-to-date symlink: /home/robousr/ROS2Dev/robot_2025_ws/install/practica1_description/share/practica1_description/environment/path.dsv
[0.526s] -- Up-to-date symlink: /home/robousr/ROS2Dev/robot_2025_ws/install/practica1_description/share/practica1_description/local_setup.bash
[0.526s] -- Up-to-date symlink: /home/robousr/ROS2Dev/robot_2025_ws/install/practica1_description/share/practica1_description/local_setup.sh
[0.527s] -- Up-to-date symlink: /home/robousr/ROS2Dev/robot_2025_ws/install/practica1_description/share/practica1_description/local_setup.zsh
[0.527s] -- Up-to-date symlink: /home/robousr/ROS2Dev/robot_2025_ws/install/practica1_description/share/practica1_description/local_setup.dsv
[0.527s] -- Symlinking: /home/robousr/ROS2Dev/robot_2025_ws/install/practica1_description/share/practica1_description/package.dsv
[0.570s] -- Up-to-date symlink: /home/robousr/ROS2Dev/robot_2025_ws/install/practica1_description/share/ament_index/resource_index/packages/practica1_description
[0.571s] -- Up-to-date symlink: /home/robousr/ROS2Dev/robot_2025_ws/install/practica1_description/share/practica1_description/cmake/practica1_descriptionConfig.cmake
[0.573s] -- Up-to-date symlink: /home/robousr/ROS2Dev/robot_2025_ws/install/practica1_description/share/practica1_description/cmake/practica1_descriptionConfig-version.cmake
[0.573s] -- Up-to-date symlink: /home/robousr/ROS2Dev/robot_2025_ws/install/practica1_description/share/practica1_description/package.xml
[0.581s] Invoked command in '/home/robousr/ROS2Dev/robot_2025_ws/build/practica1_description' returned '0': CMAKE_PREFIX_PATH=${CMAKE_PREFIX_PATH}:/opt/ros/humble /usr/bin/cmake --install /home/robousr/ROS2Dev/robot_2025_ws/build/practica1_description
