[0.113s] Invoking command in '/home/robousr/ROS2Dev/robot_2025_ws/build/practica1_description': CMAKE_PREFIX_PATH=${CMAKE_PREFIX_PATH}:/opt/ros/humble /usr/bin/cmake --build /home/robousr/ROS2Dev/robot_2025_ws/build/practica1_description -- -j2 -l2
[0.304s] Invoked command in '/home/robousr/ROS2Dev/robot_2025_ws/build/practica1_description' returned '0': CMAKE_PREFIX_PATH=${CMAKE_PREFIX_PATH}:/opt/ros/humble /usr/bin/cmake --build /home/robousr/ROS2Dev/robot_2025_ws/build/practica1_description -- -j2 -l2
[0.517s] Invoking command in '/home/robousr/ROS2Dev/robot_2025_ws/build/practica1_description': CMAKE_PREFIX_PATH=${CMAKE_PREFIX_PATH}:/opt/ros/humble /usr/bin/cmake --install /home/robousr/ROS2Dev/robot_2025_ws/build/practica1_description
[0.555s] -- Install configuration: ""
[0.556s] -- Execute custom install script
[0.560s] -- Up-to-date symlink: /home/robousr/ROS2Dev/robot_2025_ws/install/practica1_description/share/practica1_description//launch/basic_link_display.launch.xml
[0.562s] -- Up-to-date symlink: /home/robousr/ROS2Dev/robot_2025_ws/install/practica1_description/share/practica1_description//urdf/basic_link.urdf
[0.562s] -- Up-to-date symlink: /home/robousr/ROS2Dev/robot_2025_ws/install/practica1_description/share/ament_index/resource_index/package_run_dependencies/practica1_description
[0.563s] -- Up-to-date symlink: /home/robousr/ROS2Dev/robot_2025_ws/install/practica1_description/share/ament_index/resource_index/parent_prefix_path/practica1_description
[0.563s] -- Up-to-date symlink: /home/robousr/ROS2Dev/robot_2025_ws/install/practica1_description/share/practica1_description/environment/ament_prefix_path.sh
[0.563s] -- Up-to-date symlink: /home/robousr/ROS2Dev/robot_2025_ws/install/practica1_description/share/practica1_description/environment/ament_prefix_path.dsv
[0.564s] -- Up-to-date symlink: /home/robousr/ROS2Dev/robot_2025_ws/install/practica1_description/share/practica1_description/environment/path.sh
[0.564s] -- Up-to-date symlink: /home/robousr/ROS2Dev/robot_2025_ws/install/practica1_description/share/practica1_description/environment/path.dsv
[0.566s] -- Up-to-date symlink: /home/robousr/ROS2Dev/robot_2025_ws/install/practica1_description/share/practica1_description/local_setup.bash
[0.567s] -- Up-to-date symlink: /home/robousr/ROS2Dev/robot_2025_ws/install/practica1_description/share/practica1_description/local_setup.sh
[0.567s] -- Up-to-date symlink: /home/robousr/ROS2Dev/robot_2025_ws/install/practica1_description/share/practica1_description/local_setup.zsh
[0.570s] -- Up-to-date symlink: /home/robousr/ROS2Dev/robot_2025_ws/install/practica1_description/share/practica1_description/local_setup.dsv
[0.570s] -- Symlinking: /home/robousr/ROS2Dev/robot_2025_ws/install/practica1_description/share/practica1_description/package.dsv
[0.609s] -- Up-to-date symlink: /home/robousr/ROS2Dev/robot_2025_ws/install/practica1_description/share/ament_index/resource_index/packages/practica1_description
[0.611s] -- Up-to-date symlink: /home/robousr/ROS2Dev/robot_2025_ws/install/practica1_description/share/practica1_description/cmake/practica1_descriptionConfig.cmake
[0.612s] -- Up-to-date symlink: /home/robousr/ROS2Dev/robot_2025_ws/install/practica1_description/share/practica1_description/cmake/practica1_descriptionConfig-version.cmake
[0.612s] -- Up-to-date symlink: /home/robousr/ROS2Dev/robot_2025_ws/install/practica1_description/share/practica1_description/package.xml
[0.619s] Invoked command in '/home/robousr/ROS2Dev/robot_2025_ws/build/practica1_description' returned '0': CMAKE_PREFIX_PATH=${CMAKE_PREFIX_PATH}:/opt/ros/humble /usr/bin/cmake --install /home/robousr/ROS2Dev/robot_2025_ws/build/practica1_description
