[0.055s] Invoking command in '/home/robousr/ROS2Dev/robot_2025_ws/build/examen_description': CMAKE_PREFIX_PATH=${CMAKE_PREFIX_PATH}:/opt/ros/humble /usr/bin/cmake --build /home/robousr/ROS2Dev/robot_2025_ws/build/examen_description -- -j2 -l2
[0.216s] Invoked command in '/home/robousr/ROS2Dev/robot_2025_ws/build/examen_description' returned '0': CMAKE_PREFIX_PATH=${CMAKE_PREFIX_PATH}:/opt/ros/humble /usr/bin/cmake --build /home/robousr/ROS2Dev/robot_2025_ws/build/examen_description -- -j2 -l2
[0.351s] Invoking command in '/home/robousr/ROS2Dev/robot_2025_ws/build/examen_description': CMAKE_PREFIX_PATH=${CMAKE_PREFIX_PATH}:/opt/ros/humble /usr/bin/cmake --install /home/robousr/ROS2Dev/robot_2025_ws/build/examen_description
[0.377s] -- Install configuration: ""
[0.380s] -- Execute custom install script
[0.380s] -- Up-to-date symlink: /home/robousr/ROS2Dev/robot_2025_ws/install/examen_description/share/examen_description//launch/scara_display.launch.xml
[0.381s] -- Up-to-date symlink: /home/robousr/ROS2Dev/robot_2025_ws/install/examen_description/share/examen_description//urdf/scara.urdf
[0.381s] -- Up-to-date symlink: /home/robousr/ROS2Dev/robot_2025_ws/install/examen_description/share/ament_index/resource_index/package_run_dependencies/examen_description
[0.382s] -- Up-to-date symlink: /home/robousr/ROS2Dev/robot_2025_ws/install/examen_description/share/ament_index/resource_index/parent_prefix_path/examen_description
[0.384s] -- Up-to-date symlink: /home/robousr/ROS2Dev/robot_2025_ws/install/examen_description/share/examen_description/environment/ament_prefix_path.sh
[0.384s] -- Up-to-date symlink: /home/robousr/ROS2Dev/robot_2025_ws/install/examen_description/share/examen_description/environment/ament_prefix_path.dsv
[0.384s] -- Up-to-date symlink: /home/robousr/ROS2Dev/robot_2025_ws/install/examen_description/share/examen_description/environment/path.sh
[0.385s] -- Up-to-date symlink: /home/robousr/ROS2Dev/robot_2025_ws/install/examen_description/share/examen_description/environment/path.dsv
[0.385s] -- Up-to-date symlink: /home/robousr/ROS2Dev/robot_2025_ws/install/examen_description/share/examen_description/local_setup.bash
[0.386s] -- Up-to-date symlink: /home/robousr/ROS2Dev/robot_2025_ws/install/examen_description/share/examen_description/local_setup.sh
[0.387s] -- Up-to-date symlink: /home/robousr/ROS2Dev/robot_2025_ws/install/examen_description/share/examen_description/local_setup.zsh
[0.387s] -- Up-to-date symlink: /home/robousr/ROS2Dev/robot_2025_ws/install/examen_description/share/examen_description/local_setup.dsv
[0.387s] -- Symlinking: /home/robousr/ROS2Dev/robot_2025_ws/install/examen_description/share/examen_description/package.dsv
[0.414s] -- Up-to-date symlink: /home/robousr/ROS2Dev/robot_2025_ws/install/examen_description/share/ament_index/resource_index/packages/examen_description
[0.414s] -- Up-to-date symlink: /home/robousr/ROS2Dev/robot_2025_ws/install/examen_description/share/examen_description/cmake/examen_descriptionConfig.cmake
[0.415s] -- Up-to-date symlink: /home/robousr/ROS2Dev/robot_2025_ws/install/examen_description/share/examen_description/cmake/examen_descriptionConfig-version.cmake
[0.415s] -- Up-to-date symlink: /home/robousr/ROS2Dev/robot_2025_ws/install/examen_description/share/examen_description/package.xml
[0.422s] Invoked command in '/home/robousr/ROS2Dev/robot_2025_ws/build/examen_description' returned '0': CMAKE_PREFIX_PATH=${CMAKE_PREFIX_PATH}:/opt/ros/humble /usr/bin/cmake --install /home/robousr/ROS2Dev/robot_2025_ws/build/examen_description
